<?xml version="1.0" encoding="UTF-8"?>
<testsuite name="ru.stqa.pft.addressbook.test.ContactCreationTests" tests="3" skipped="0" failures="0" errors="0" timestamp="2018-08-01T18:17:05" hostname="JM-PC" time="15.043">
  <properties/>
  <testcase name="testContactCreation[0](ContactData{id=2147483647, firstname='firstname 0', lastname='lastname 0'})" classname="ru.stqa.pft.addressbook.test.ContactCreationTests" time="6.57"/>
  <testcase name="testContactCreation[1](ContactData{id=2147483647, firstname='firstname 1', lastname='lastname 1'})" classname="ru.stqa.pft.addressbook.test.ContactCreationTests" time="4.158"/>
  <testcase name="testContactCreation[2](ContactData{id=2147483647, firstname='firstname 2', lastname='lastname 2'})" classname="ru.stqa.pft.addressbook.test.ContactCreationTests" time="4.314"/>
  <system-out><![CDATA[]]></system-out>
  <system-err><![CDATA[]]></system-err>
</testsuite>
