<?xml version="1.0" encoding="UTF-8"?>
<testsuite name="ru.stqa.pft.addressbook.test.ContactModificationTests" tests="1" skipped="0" failures="0" errors="0" timestamp="2018-08-01T18:17:20" hostname="JM-PC" time="4.734">
  <properties/>
  <testcase name="testContactModification" classname="ru.stqa.pft.addressbook.test.ContactModificationTests" time="4.734"/>
  <system-out><![CDATA[]]></system-out>
  <system-err><![CDATA[]]></system-err>
</testsuite>
