<?xml version="1.0" encoding="UTF-8"?>
<testsuite name="ru.stqa.pft.addressbook.test.ContactDeletionTests" tests="1" skipped="0" failures="0" errors="0" timestamp="2018-08-01T18:17:25" hostname="JM-PC" time="2.936">
  <properties/>
  <testcase name="testContactDeletion" classname="ru.stqa.pft.addressbook.test.ContactDeletionTests" time="2.936"/>
  <system-out><![CDATA[]]></system-out>
  <system-err><![CDATA[]]></system-err>
</testsuite>
