<?xml version="1.0" encoding="UTF-8"?>
<testsuite name="ru.stqa.pft.addressbook.test.ContactModificationTests" tests="2" skipped="0" failures="0" errors="0" timestamp="2018-08-01T17:42:41" hostname="JM-PC" time="13.368">
  <properties/>
  <testcase name="testContactModification" classname="ru.stqa.pft.addressbook.test.ContactModificationTests" time="2.377"/>
  <testcase name="testContactModification" classname="ru.stqa.pft.addressbook.test.ContactModificationTests" time="2.501"/>
  <system-out><![CDATA[]]></system-out>
  <system-err><![CDATA[]]></system-err>
</testsuite>
